2026-06-29 11:46:58,344 lp-5cd119612k C:\Program Files\jdk-23.0.2\bin\java.exe[14704] WARN  [io.qua.config] (Quarkus Main Thread) The "quarkus.log.file.enable" config property is deprecated and should not be used anymore.
2026-06-29 11:46:58,345 lp-5cd119612k C:\Program Files\jdk-23.0.2\bin\java.exe[14704] WARN  [io.qua.config] (Quarkus Main Thread) The "quarkus.hibernate-orm.database.generation" config property is deprecated and should not be used anymore.
2026-06-29 11:46:58,346 lp-5cd119612k C:\Program Files\jdk-23.0.2\bin\java.exe[14704] WARN  [io.qua.config] (Quarkus Main Thread) The "quarkus.log.console.enable" config property is deprecated and should not be used anymore.
2026-06-29 11:46:58,539 lp-5cd119612k C:\Program Files\jdk-23.0.2\bin\java.exe[14704] WARN  [org.hib.orm.jdb.error] (vert.x-eventloop-thread-5) HHH000247: ErrorCode: 0, SQLState: 42P07
2026-06-29 11:46:58,540 lp-5cd119612k C:\Program Files\jdk-23.0.2\bin\java.exe[14704] WARN  [org.hib.orm.jdb.error] (vert.x-eventloop-thread-5) ERROR: relation "student_seq" already exists (42P07)
2026-06-29 11:46:58,540 lp-5cd119612k C:\Program Files\jdk-23.0.2\bin\java.exe[14704] WARN  [org.hib.rea.pro.ser.ReactiveGenerationTarget] (vert.x-eventloop-thread-5) HR000021: DDL command failed [org.hibernate.exception.SQLGrammarException: error executing SQL statement [ERROR: relation "student_seq" already exists (42P07)] [
    create sequence student_SEQ start with 1 increment by 50]]
2026-06-29 11:46:58,544 lp-5cd119612k C:\Program Files\jdk-23.0.2\bin\java.exe[14704] WARN  [org.hib.orm.jdb.error] (vert.x-eventloop-thread-5) HHH000247: ErrorCode: 0, SQLState: 42P07
2026-06-29 11:46:58,545 lp-5cd119612k C:\Program Files\jdk-23.0.2\bin\java.exe[14704] WARN  [org.hib.orm.jdb.error] (vert.x-eventloop-thread-5) ERROR: relation "student" already exists (42P07)
2026-06-29 11:46:58,546 lp-5cd119612k C:\Program Files\jdk-23.0.2\bin\java.exe[14704] WARN  [org.hib.rea.pro.ser.ReactiveGenerationTarget] (vert.x-eventloop-thread-5) HR000021: DDL command failed [org.hibernate.exception.SQLGrammarException: error executing SQL statement [ERROR: relation "student" already exists (42P07)] [
    create table student (
        age integer not null,
        id bigint not null,
        firstName varchar(255),
        lastName varchar(255),
        primary key (id)
    )]]
2026-06-29 11:46:58,555 lp-5cd119612k C:\Program Files\jdk-23.0.2\bin\java.exe[14704] INFO  [io.quarkus] (Quarkus Main Thread) reactive_curd_app_practice 1.0.0-SNAPSHOT on JVM (powered by Quarkus 3.37.0) started in 1.713s. Listening on: http://localhost:8080
2026-06-29 11:46:58,556 lp-5cd119612k C:\Program Files\jdk-23.0.2\bin\java.exe[14704] INFO  [io.quarkus] (Quarkus Main Thread) Profile dev activated. Live Coding activated.
2026-06-29 11:46:58,556 lp-5cd119612k C:\Program Files\jdk-23.0.2\bin\java.exe[14704] INFO  [io.quarkus] (Quarkus Main Thread) Installed features: [cdi, compose, hibernate-orm, hibernate-reactive, hibernate-reactive-panache, hibernate-reactive-rest-data-panache, reactive-pg-client, rest, rest-jackson, rest-links, smallrye-context-propagation, smallrye-openapi, swagger-ui, vertx]
2026-06-29 11:46:58,559 lp-5cd119612k C:\Program Files\jdk-23.0.2\bin\java.exe[14704] INFO  [io.qua.dep.dev.RuntimeUpdatesProcessor] (vert.x-worker-thread-1) Live reload total time: 4.729s 
2026-06-29 11:46:58,559 lp-5cd119612k C:\Program Files\jdk-23.0.2\bin\java.exe[14704] INFO  [io.qua.dep.dev.RuntimeUpdatesProcessor] (vert.x-worker-thread-1) Live reload took more than 4 seconds, you may want to enable instrumentation based reload (quarkus.live-reload.instrumentation=true). This allows small changes to take effect without restarting Quarkus.
2026-06-29 11:46:58,938 lp-5cd119612k C:\Program Files\jdk-23.0.2\bin\java.exe[14704] ERROR [com.usk.exc.GlobalExceptionMapper] (vert.x-eventloop-thread-1) UserNotFoundException: Student not found with id: 200: com.usk.exception.UserNotFoundException: Student not found with id: 200
	at com.usk.service.StudentService.lambda$getStudentById$0(StudentService.java:37)
	at io.smallrye.context.impl.wrappers.SlowContextualFunction.apply(SlowContextualFunction.java:21)
	at io.smallrye.mutiny.operators.uni.UniOnItemTransform$UniOnItemTransformProcessor.onItem(UniOnItemTransform.java:36)
	at io.smallrye.mutiny.operators.uni.UniOnItemTransformToUni$UniOnItemTransformToUniProcessor.onItem(UniOnItemTransformToUni.java:60)
	at io.smallrye.mutiny.operators.uni.UniOperatorProcessor.onItem(UniOperatorProcessor.java:47)
	at io.smallrye.mutiny.operators.uni.builders.UniCreateFromCompletionStage$CompletionStageUniSubscription.forwardResult(UniCreateFromCompletionStage.java:63)
	at java.base/java.util.concurrent.CompletableFuture.uniWhenComplete(CompletableFuture.java:907)
	at java.base/java.util.concurrent.CompletableFuture$UniWhenComplete.tryFire(CompletableFuture.java:885)
	at java.base/java.util.concurrent.CompletableFuture.postComplete(CompletableFuture.java:554)
	at java.base/java.util.concurrent.CompletableFuture.complete(CompletableFuture.java:2223)
	at org.hibernate.reactive.util.async.impl.AsyncTrampoline$TrampolineInternal.unroll(AsyncTrampoline.java:130)
	at org.hibernate.reactive.util.async.impl.AsyncTrampoline$TrampolineInternal.lambda$unroll$0(AsyncTrampoline.java:125)
	at java.base/java.util.concurrent.CompletableFuture.uniWhenComplete(CompletableFuture.java:907)
	at java.base/java.util.concurrent.CompletableFuture$UniWhenComplete.tryFire(CompletableFuture.java:885)
	at java.base/java.util.concurrent.CompletableFuture.postComplete(CompletableFuture.java:554)
	at java.base/java.util.concurrent.CompletableFuture.complete(CompletableFuture.java:2223)
	at io.vertx.core.Future.lambda$toCompletionStage$3(Future.java:600)
	at io.vertx.core.impl.future.FutureImpl$4.onSuccess(FutureImpl.java:176)
	at io.vertx.core.impl.future.FutureBase.emitSuccess(FutureBase.java:66)
	at io.vertx.core.impl.future.FutureImpl.tryComplete(FutureImpl.java:259)
	at io.vertx.sqlclient.impl.QueryResultBuilder.tryComplete(QueryResultBuilder.java:88)
	at io.vertx.sqlclient.impl.QueryResultBuilder.tryComplete(QueryResultBuilder.java:32)
	at io.vertx.core.Promise.complete(Promise.java:66)
	at io.vertx.core.Promise.handle(Promise.java:51)
	at io.vertx.core.Promise.handle(Promise.java:29)
	at io.vertx.core.impl.future.FutureImpl$4.onSuccess(FutureImpl.java:176)
	at io.vertx.core.impl.future.FutureBase.lambda$emitSuccess$0(FutureBase.java:60)
	at io.netty.util.concurrent.AbstractEventExecutor.runTask(AbstractEventExecutor.java:173)
	at io.netty.util.concurrent.AbstractEventExecutor.safeExecute(AbstractEventExecutor.java:166)
	at io.netty.util.concurrent.SingleThreadEventExecutor.runAllTasks(SingleThreadEventExecutor.java:472)
	at io.netty.channel.nio.NioEventLoop.run(NioEventLoop.java:569)
	at io.netty.util.concurrent.SingleThreadEventExecutor$4.run(SingleThreadEventExecutor.java:998)
	at io.netty.util.internal.ThreadExecutorMap$2.run(ThreadExecutorMap.java:74)
	at io.netty.util.concurrent.FastThreadLocalRunnable.run(FastThreadLocalRunnable.java:30)
	at java.base/java.lang.Thread.run(Thread.java:1575)

